BACI System: C-- to PCODE Compiler, 10/03/2010
Source file: /home/dotm87/Documentos/Universidad/TSO/jBACI-1.4.5/examples/add.cm  Mon Apr  1 21:44:05 2024
 line  pc
   1    0  int sum = 0;
   2    0  
   3    0  void add10() {
   4    0  	int i;
   5    0  	int local;
   6    0  	for (i = 1; i <= 10;i++) {
   7   14  		local = sum;
   8   17  		sum = local + 1;
   9   22  	}
  10   23  }
  11   24  
  12   24  void main() {
  13   25  	cobegin { 
  14   26  		add10(); 
  15   29                  add10();
  16   32          }
  17   33          cout << "Sum = " << sum << endl;
  18   37  }
